
C:\Users\micha\source\repos\E-bookCatalog\x64\Debug\gdk_pixbuf-2.dll
C:\Users\micha\source\repos\E-bookCatalog\x64\Debug\gio-2.dll
C:\Users\micha\source\repos\E-bookCatalog\x64\Debug\glib-2.dll
C:\Users\micha\source\repos\E-bookCatalog\x64\Debug\pcred.dll
C:\Users\micha\source\repos\E-bookCatalog\x64\Debug\libiconv.dll
C:\Users\micha\source\repos\E-bookCatalog\x64\Debug\libcharset.dll
C:\Users\micha\source\repos\E-bookCatalog\x64\Debug\libintl.dll
C:\Users\micha\source\repos\E-bookCatalog\x64\Debug\gmodule-2.dll
C:\Users\micha\source\repos\E-bookCatalog\x64\Debug\gobject-2.dll
C:\Users\micha\source\repos\E-bookCatalog\x64\Debug\zlibd1.dll
C:\Users\micha\source\repos\E-bookCatalog\x64\Debug\libpng16d.dll
C:\Users\micha\source\repos\E-bookCatalog\x64\Debug\gtk-3.dll
C:\Users\micha\source\repos\E-bookCatalog\x64\Debug\epoxy-0.dll
C:\Users\micha\source\repos\E-bookCatalog\x64\Debug\cairod.dll
C:\Users\micha\source\repos\E-bookCatalog\x64\Debug\freetyped.dll
C:\Users\micha\source\repos\E-bookCatalog\x64\Debug\bz2d.dll
C:\Users\micha\source\repos\E-bookCatalog\x64\Debug\fontconfig.dll
C:\Users\micha\source\repos\E-bookCatalog\x64\Debug\expatd.dll
C:\Users\micha\source\repos\E-bookCatalog\x64\Debug\cairo-gobjectd.dll
C:\Users\micha\source\repos\E-bookCatalog\x64\Debug\pango-1.dll
C:\Users\micha\source\repos\E-bookCatalog\x64\Debug\pangocairo-1.dll
C:\Users\micha\source\repos\E-bookCatalog\x64\Debug\pangowin32-1.dll
C:\Users\micha\source\repos\E-bookCatalog\x64\Debug\pangoft2-1.dll
C:\Users\micha\source\repos\E-bookCatalog\x64\Debug\harfbuzz.dll
C:\Users\micha\source\repos\E-bookCatalog\x64\Debug\atk-1.dll
C:\Users\micha\source\repos\E-bookCatalog\x64\Debug\gdk-3.dll
