c:\users\micha\source\repos\e-bookcatalog\e-bookcatalog\x64\release\vc142.pdb
c:\users\micha\source\repos\e-bookcatalog\e-bookcatalog\x64\release\number_of_lines.obj
c:\users\micha\source\repos\e-bookcatalog\e-bookcatalog\x64\release\functions.obj
c:\users\micha\source\repos\e-bookcatalog\e-bookcatalog\x64\release\main.obj
c:\users\micha\source\repos\e-bookcatalog\e-bookcatalog\x64\release\add_window.obj
c:\users\micha\source\repos\e-bookcatalog\e-bookcatalog\x64\release\add_datas.obj
c:\users\micha\source\repos\e-bookcatalog\x64\release\e-bookcatalog.ipdb
c:\users\micha\source\repos\e-bookcatalog\x64\release\e-bookcatalog.iobj
c:\users\micha\source\repos\e-bookcatalog\e-bookcatalog\x64\release\vcpkg.applocal.log
c:\users\micha\source\repos\e-bookcatalog\x64\release\gdk_pixbuf-2.dll
c:\users\micha\source\repos\e-bookcatalog\x64\release\gio-2.dll
c:\users\micha\source\repos\e-bookcatalog\x64\release\glib-2.dll
c:\users\micha\source\repos\e-bookcatalog\x64\release\pcre.dll
c:\users\micha\source\repos\e-bookcatalog\x64\release\libiconv.dll
c:\users\micha\source\repos\e-bookcatalog\x64\release\libcharset.dll
c:\users\micha\source\repos\e-bookcatalog\x64\release\libintl.dll
c:\users\micha\source\repos\e-bookcatalog\x64\release\gmodule-2.dll
c:\users\micha\source\repos\e-bookcatalog\x64\release\gobject-2.dll
c:\users\micha\source\repos\e-bookcatalog\x64\release\zlib1.dll
c:\users\micha\source\repos\e-bookcatalog\x64\release\libpng16.dll
c:\users\micha\source\repos\e-bookcatalog\x64\release\gtk-3.dll
c:\users\micha\source\repos\e-bookcatalog\x64\release\epoxy-0.dll
c:\users\micha\source\repos\e-bookcatalog\x64\release\cairo.dll
c:\users\micha\source\repos\e-bookcatalog\x64\release\freetype.dll
c:\users\micha\source\repos\e-bookcatalog\x64\release\bz2.dll
c:\users\micha\source\repos\e-bookcatalog\x64\release\fontconfig.dll
c:\users\micha\source\repos\e-bookcatalog\x64\release\expat.dll
c:\users\micha\source\repos\e-bookcatalog\x64\release\cairo-gobject.dll
c:\users\micha\source\repos\e-bookcatalog\x64\release\pango-1.dll
c:\users\micha\source\repos\e-bookcatalog\x64\release\pangocairo-1.dll
c:\users\micha\source\repos\e-bookcatalog\x64\release\pangowin32-1.dll
c:\users\micha\source\repos\e-bookcatalog\x64\release\pangoft2-1.dll
c:\users\micha\source\repos\e-bookcatalog\x64\release\harfbuzz.dll
c:\users\micha\source\repos\e-bookcatalog\x64\release\atk-1.dll
c:\users\micha\source\repos\e-bookcatalog\x64\release\gdk-3.dll
c:\users\micha\source\repos\e-bookcatalog\x64\release\e-bookcatalog.exe
c:\users\micha\source\repos\e-bookcatalog\x64\release\e-bookcatalog.pdb
c:\users\micha\source\repos\e-bookcatalog\e-bookcatalog\x64\release\e-bookcatalog.tlog\cl.command.1.tlog
c:\users\micha\source\repos\e-bookcatalog\e-bookcatalog\x64\release\e-bookcatalog.tlog\cl.read.1.tlog
c:\users\micha\source\repos\e-bookcatalog\e-bookcatalog\x64\release\e-bookcatalog.tlog\cl.write.1.tlog
c:\users\micha\source\repos\e-bookcatalog\e-bookcatalog\x64\release\e-bookcatalog.tlog\e-bookcatalog.write.1u.tlog
c:\users\micha\source\repos\e-bookcatalog\e-bookcatalog\x64\release\e-bookcatalog.tlog\link.command.1.tlog
c:\users\micha\source\repos\e-bookcatalog\e-bookcatalog\x64\release\e-bookcatalog.tlog\link.read.1.tlog
c:\users\micha\source\repos\e-bookcatalog\e-bookcatalog\x64\release\e-bookcatalog.tlog\link.write.1.tlog
