
C:\Users\micha\Desktop\Catalog\x64\Release\gdk_pixbuf-2.dll
C:\Users\micha\Desktop\Catalog\x64\Release\gio-2.dll
C:\Users\micha\Desktop\Catalog\x64\Release\glib-2.dll
C:\Users\micha\Desktop\Catalog\x64\Release\pcre.dll
C:\Users\micha\Desktop\Catalog\x64\Release\libiconv.dll
C:\Users\micha\Desktop\Catalog\x64\Release\libcharset.dll
C:\Users\micha\Desktop\Catalog\x64\Release\libintl.dll
C:\Users\micha\Desktop\Catalog\x64\Release\gmodule-2.dll
C:\Users\micha\Desktop\Catalog\x64\Release\gobject-2.dll
C:\Users\micha\Desktop\Catalog\x64\Release\zlib1.dll
C:\Users\micha\Desktop\Catalog\x64\Release\libpng16.dll
C:\Users\micha\Desktop\Catalog\x64\Release\gtk-3.dll
C:\Users\micha\Desktop\Catalog\x64\Release\epoxy-0.dll
C:\Users\micha\Desktop\Catalog\x64\Release\cairo.dll
C:\Users\micha\Desktop\Catalog\x64\Release\freetype.dll
C:\Users\micha\Desktop\Catalog\x64\Release\bz2.dll
C:\Users\micha\Desktop\Catalog\x64\Release\fontconfig.dll
C:\Users\micha\Desktop\Catalog\x64\Release\expat.dll
C:\Users\micha\Desktop\Catalog\x64\Release\cairo-gobject.dll
C:\Users\micha\Desktop\Catalog\x64\Release\pango-1.dll
C:\Users\micha\Desktop\Catalog\x64\Release\pangocairo-1.dll
C:\Users\micha\Desktop\Catalog\x64\Release\pangowin32-1.dll
C:\Users\micha\Desktop\Catalog\x64\Release\pangoft2-1.dll
C:\Users\micha\Desktop\Catalog\x64\Release\harfbuzz.dll
C:\Users\micha\Desktop\Catalog\x64\Release\atk-1.dll
C:\Users\micha\Desktop\Catalog\x64\Release\gdk-3.dll
