
C:\Users\micha\source\repos\E-bookCatalog\Debug\gobject-2.dll
C:\Users\micha\source\repos\E-bookCatalog\Debug\glib-2.dll
C:\Users\micha\source\repos\E-bookCatalog\Debug\pcred.dll
C:\Users\micha\source\repos\E-bookCatalog\Debug\libiconv.dll
C:\Users\micha\source\repos\E-bookCatalog\Debug\libcharset.dll
C:\Users\micha\source\repos\E-bookCatalog\Debug\libintl.dll
C:\Users\micha\source\repos\E-bookCatalog\Debug\gtk-3.dll
C:\Users\micha\source\repos\E-bookCatalog\Debug\epoxy-0.dll
C:\Users\micha\source\repos\E-bookCatalog\Debug\gio-2.dll
C:\Users\micha\source\repos\E-bookCatalog\Debug\gmodule-2.dll
C:\Users\micha\source\repos\E-bookCatalog\Debug\zlibd1.dll
C:\Users\micha\source\repos\E-bookCatalog\Debug\cairod.dll
C:\Users\micha\source\repos\E-bookCatalog\Debug\libpng16d.dll
C:\Users\micha\source\repos\E-bookCatalog\Debug\freetyped.dll
C:\Users\micha\source\repos\E-bookCatalog\Debug\bz2d.dll
C:\Users\micha\source\repos\E-bookCatalog\Debug\fontconfig.dll
C:\Users\micha\source\repos\E-bookCatalog\Debug\expatd.dll
C:\Users\micha\source\repos\E-bookCatalog\Debug\cairo-gobjectd.dll
C:\Users\micha\source\repos\E-bookCatalog\Debug\pango-1.dll
C:\Users\micha\source\repos\E-bookCatalog\Debug\pangocairo-1.dll
C:\Users\micha\source\repos\E-bookCatalog\Debug\pangowin32-1.dll
C:\Users\micha\source\repos\E-bookCatalog\Debug\pangoft2-1.dll
C:\Users\micha\source\repos\E-bookCatalog\Debug\harfbuzz.dll
C:\Users\micha\source\repos\E-bookCatalog\Debug\gdk_pixbuf-2.dll
C:\Users\micha\source\repos\E-bookCatalog\Debug\atk-1.dll
C:\Users\micha\source\repos\E-bookCatalog\Debug\gdk-3.dll
